Starting Nmap 7.91 ( https://nmap.org ) at 2022-01-19 01:28 EST
Nmap scan report for 10.10.65.187
Host is up (0.51s latency).

PORT      STATE SERVICE VERSION
22/tcp    open  ssh     OpenSSH 7.6p1 Ubuntu 4ubuntu0.3 (Ubuntu Linux; protocol 2.0)
| ssh-hostkey: 
|   2048 e5:44:62:91:90:08:99:5d:e8:55:4f:69:ca:02:1c:10 (RSA)
|   256 e5:a7:b0:14:52:e1:c9:4e:0d:b8:1a:db:c5:d6:7e:f0 (ECDSA)
|_  256 02:97:18:d6:cd:32:58:17:50:43:dd:d2:2f:ba:15:53 (ED25519)
111/tcp   open  rpcbind 2-4 (RPC #100000)
| rpcinfo: 
|   program version    port/proto  service
|   100000  2,3,4        111/tcp   rpcbind
|   100000  2,3,4        111/udp   rpcbind
|   100000  3,4          111/tcp6  rpcbind
|   100000  3,4          111/udp6  rpcbind
|   100003  3           2049/udp   nfs
|   100003  3           2049/udp6  nfs
|   100003  3,4         2049/tcp   nfs
|   100003  3,4         2049/tcp6  nfs
|   100005  1,2,3      33955/udp6  mountd
|   100005  1,2,3      40339/tcp6  mountd
|   100005  1,2,3      43127/udp   mountd
|   100005  1,2,3      52319/tcp   mountd
|   100021  1,3,4      35393/tcp6  nlockmgr
|   100021  1,3,4      37337/udp6  nlockmgr
|   100021  1,3,4      42161/tcp   nlockmgr
|   100021  1,3,4      43673/udp   nlockmgr
|   100227  3           2049/tcp   nfs_acl
|   100227  3           2049/tcp6  nfs_acl
|   100227  3           2049/udp   nfs_acl
|_  100227  3           2049/udp6  nfs_acl
8080/tcp  open  http    Werkzeug httpd 0.14.1 (Python 3.6.9)
|_http-server-header: Werkzeug/0.14.1 Python/3.6.9
|_http-title: CCHQ
55181/tcp open  mountd  1-3 (RPC #100005)
Service Info: OS: Linux; CPE: cpe:/o:linux:linux_kernel

Service detection performed. Please report any incorrect results at https://nmap.org/submit/ .
Nmap done: 1 IP address (1 host up) scanned in 84.81 seconds
