Starting Nmap 7.91 ( https://nmap.org ) at 2021-12-09 09:57 EST
Nmap scan report for 10.10.171.105
Host is up (0.22s latency).

PORT     STATE  SERVICE VERSION
22/tcp   open   ssh     OpenSSH 7.2p2 Ubuntu 4ubuntu2.8 (Ubuntu Linux; protocol 2.0)
| ssh-hostkey: 
|   2048 d7:a7:aa:aa:f4:25:09:90:d5:a0:16:17:62:89:7c:db (RSA)
|   256 af:27:ee:91:95:a5:25:a2:36:08:80:b4:80:d0:2b:20 (ECDSA)
|_  256 41:0b:bb:ad:a7:60:b4:f9:29:d2:da:d7:10:44:10:98 (ED25519)
80/tcp   open   http    Apache httpd 2.4.18 ((Ubuntu))
|_http-server-header: Apache/2.4.18 (Ubuntu)
|_http-title: Site doesn't have a title (text/html).
482/tcp  closed bgs-nsi
1234/tcp open   http    Apache Tomcat/Coyote JSP engine 1.1
|_http-favicon: Apache Tomcat
|_http-server-header: Apache-Coyote/1.1
|_http-title: Apache Tomcat/7.0.88
8009/tcp open   ajp13   Apache Jserv (Protocol v1.3)
|_ajp-methods: Failed to get a valid response for the OPTION request
Service Info: OS: Linux; CPE: cpe:/o:linux:linux_kernel

Service detection performed. Please report any incorrect results at https://nmap.org/submit/ .
Nmap done: 1 IP address (1 host up) scanned in 21.03 seconds
