Starting Nmap 7.91 ( https://nmap.org ) at 2021-11-23 03:10 EST
Nmap scan report for 10.10.116.171
Host is up (0.21s latency).

PORT     STATE SERVICE       VERSION
22/tcp   open  ssh           OpenSSH 7.6p1 Ubuntu 4ubuntu0.3 (Ubuntu Linux; protocol 2.0)
| ssh-hostkey: 
|   2048 a6:3e:80:d9:b0:98:fd:7e:09:6d:34:12:f9:15:8a:18 (RSA)
|   256 ec:5f:8a:1d:59:b3:59:2f:49:ef:fb:f4:4a:d0:1d:7a (ECDSA)
|_  256 b1:4a:22:dc:7f:60:e4:fc:08:0c:55:4f:e4:15:e0:fa (ED25519)
80/tcp   open  ssl/http      Apache/2.4.29 (Ubuntu)
|_http-server-header: Apache/2.4.29 (Ubuntu)
|_http-title: Apache2 Ubuntu Default Page: It works
2222/tcp open  EtherNetIP-1?
|_ssh-hostkey: ERROR: Script execution failed (use -d to debug)
8022/tcp open  ssh           OpenSSH 7.7p1 Ubuntu 4ppa1+obfuscated (Ubuntu Linux; protocol 2.0)
| ssh-hostkey: 
|   2048 dc:ae:ea:27:3f:ab:10:ae:8c:2e:b3:0c:5b:d5:42:bc (RSA)
|   256 67:29:75:04:74:1b:83:d3:c8:de:6d:65:fe:e6:07:35 (ECDSA)
|_  256 7f:7e:89:c4:e0:a0:da:92:6e:a6:70:45:fc:43:23:84 (ED25519)
Service Info: OS: Linux; CPE: cpe:/o:linux:linux_kernel

Service detection performed. Please report any incorrect results at https://nmap.org/submit/ .
Nmap done: 1 IP address (1 host up) scanned in 197.50 seconds
