Starting Nmap 7.91 ( https://nmap.org ) at 2021-10-11 06:52 EDT
Nmap scan report for 10.10.130.189
Host is up (0.16s latency).

PORT   STATE SERVICE VERSION
22/tcp open  ssh     OpenSSH 8.2p1 Ubuntu 4ubuntu0.2 (Ubuntu Linux; protocol 2.0)
| ssh-hostkey: 
|   3072 5b:2d:9d:60:a7:45:de:7a:99:20:3e:42:94:ce:19:3c (RSA)
|   256 bf:32:78:01:83:af:78:5e:e7:fe:9c:83:4a:7d:aa:6b (ECDSA)
|_  256 12:ab:13:80:e5:ad:73:07:c8:48:d5:ca:7c:7d:e0:af (ED25519)
80/tcp open  http
| fingerprint-strings: 
|   GetRequest, HTTPOptions: 
|     HTTP/1.1 200 OK
|     Content-Type: text/html
|     Date: Mon, 11 Oct 2021 10:52:24 GMT
|     Connection: close
|     <html><head>
|     <title>Horror LLC</title>
|     <style>
|     body {
|     background: linear-gradient(253deg, #4a040d, #3b0b54, #3a343b);
|     background-size: 300% 300%;
|     -webkit-animation: Background 10s ease infinite;
|     -moz-animation: Background 10s ease infinite;
|     animation: Background 10s ease infinite;
|     @-webkit-keyframes Background {
|     background-position: 0% 50%
|     background-position: 100% 50%
|     100% {
|     background-position: 0% 50%
|     @-moz-keyframes Background {
|     background-position: 0% 50%
|     background-position: 100% 50%
|     100% {
|     background-position: 0% 50%
|     @keyframes Background {
|     background-position: 0% 50%
|_    background-posi
|_http-title: Horror LLC
1 service unrecognized despite returning data. If you know the service/version, please submit the following fingerprint at https://nmap.org/cgi-bin/submit.cgi?new-service :
SF-Port80-TCP:V=7.91%I=7%D=10/11%Time=61641767%P=x86_64-pc-linux-gnu%r(Get
SF:Request,E4B,"HTTP/1\.1\x20200\x20OK\r\nContent-Type:\x20text/html\r\nDa
SF:te:\x20Mon,\x2011\x20Oct\x202021\x2010:52:24\x20GMT\r\nConnection:\x20c
SF:lose\r\n\r\n<html><head>\n<title>Horror\x20LLC</title>\n<style>\n\x20\x
SF:20body\x20{\n\x20\x20\x20\x20background:\x20linear-gradient\(253deg,\x2
SF:0#4a040d,\x20#3b0b54,\x20#3a343b\);\n\x20\x20\x20\x20background-size:\x
SF:20300%\x20300%;\n\x20\x20\x20\x20-webkit-animation:\x20Background\x2010
SF:s\x20ease\x20infinite;\n\x20\x20\x20\x20-moz-animation:\x20Background\x
SF:2010s\x20ease\x20infinite;\n\x20\x20\x20\x20animation:\x20Background\x2
SF:010s\x20ease\x20infinite;\n\x20\x20}\n\x20\x20\n\x20\x20@-webkit-keyfra
SF:mes\x20Background\x20{\n\x20\x20\x20\x200%\x20{\n\x20\x20\x20\x20\x20\x
SF:20background-position:\x200%\x2050%\n\x20\x20\x20\x20}\n\x20\x20\x20\x2
SF:050%\x20{\n\x20\x20\x20\x20\x20\x20background-position:\x20100%\x2050%\
SF:n\x20\x20\x20\x20}\n\x20\x20\x20\x20100%\x20{\n\x20\x20\x20\x20\x20\x20
SF:background-position:\x200%\x2050%\n\x20\x20\x20\x20}\n\x20\x20}\n\x20\x
SF:20\n\x20\x20@-moz-keyframes\x20Background\x20{\n\x20\x20\x20\x200%\x20{
SF:\n\x20\x20\x20\x20\x20\x20background-position:\x200%\x2050%\n\x20\x20\x
SF:20\x20}\n\x20\x20\x20\x2050%\x20{\n\x20\x20\x20\x20\x20\x20background-p
SF:osition:\x20100%\x2050%\n\x20\x20\x20\x20}\n\x20\x20\x20\x20100%\x20{\n
SF:\x20\x20\x20\x20\x20\x20background-position:\x200%\x2050%\n\x20\x20\x20
SF:\x20}\n\x20\x20}\n\x20\x20\n\x20\x20@keyframes\x20Background\x20{\n\x20
SF:\x20\x20\x200%\x20{\n\x20\x20\x20\x20\x20\x20background-position:\x200%
SF:\x2050%\n\x20\x20\x20\x20}\n\x20\x20\x20\x2050%\x20{\n\x20\x20\x20\x20\
SF:x20\x20background-posi")%r(HTTPOptions,E4B,"HTTP/1\.1\x20200\x20OK\r\nC
SF:ontent-Type:\x20text/html\r\nDate:\x20Mon,\x2011\x20Oct\x202021\x2010:5
SF:2:24\x20GMT\r\nConnection:\x20close\r\n\r\n<html><head>\n<title>Horror\
SF:x20LLC</title>\n<style>\n\x20\x20body\x20{\n\x20\x20\x20\x20background:
SF:\x20linear-gradient\(253deg,\x20#4a040d,\x20#3b0b54,\x20#3a343b\);\n\x2
SF:0\x20\x20\x20background-size:\x20300%\x20300%;\n\x20\x20\x20\x20-webkit
SF:-animation:\x20Background\x2010s\x20ease\x20infinite;\n\x20\x20\x20\x20
SF:-moz-animation:\x20Background\x2010s\x20ease\x20infinite;\n\x20\x20\x20
SF:\x20animation:\x20Background\x2010s\x20ease\x20infinite;\n\x20\x20}\n\x
SF:20\x20\n\x20\x20@-webkit-keyframes\x20Background\x20{\n\x20\x20\x20\x20
SF:0%\x20{\n\x20\x20\x20\x20\x20\x20background-position:\x200%\x2050%\n\x2
SF:0\x20\x20\x20}\n\x20\x20\x20\x2050%\x20{\n\x20\x20\x20\x20\x20\x20backg
SF:round-position:\x20100%\x2050%\n\x20\x20\x20\x20}\n\x20\x20\x20\x20100%
SF:\x20{\n\x20\x20\x20\x20\x20\x20background-position:\x200%\x2050%\n\x20\
SF:x20\x20\x20}\n\x20\x20}\n\x20\x20\n\x20\x20@-moz-keyframes\x20Backgroun
SF:d\x20{\n\x20\x20\x20\x200%\x20{\n\x20\x20\x20\x20\x20\x20background-pos
SF:ition:\x200%\x2050%\n\x20\x20\x20\x20}\n\x20\x20\x20\x2050%\x20{\n\x20\
SF:x20\x20\x20\x20\x20background-position:\x20100%\x2050%\n\x20\x20\x20\x2
SF:0}\n\x20\x20\x20\x20100%\x20{\n\x20\x20\x20\x20\x20\x20background-posit
SF:ion:\x200%\x2050%\n\x20\x20\x20\x20}\n\x20\x20}\n\x20\x20\n\x20\x20@key
SF:frames\x20Background\x20{\n\x20\x20\x20\x200%\x20{\n\x20\x20\x20\x20\x2
SF:0\x20background-position:\x200%\x2050%\n\x20\x20\x20\x20}\n\x20\x20\x20
SF:\x2050%\x20{\n\x20\x20\x20\x20\x20\x20background-posi");
Service Info: OS: Linux; CPE: cpe:/o:linux:linux_kernel

Service detection performed. Please report any incorrect results at https://nmap.org/submit/ .
Nmap done: 1 IP address (1 host up) scanned in 28.55 seconds
