Starting Nmap 7.91 ( https://nmap.org ) at 2021-10-20 16:22 EDT
Stats: 0:00:23 elapsed; 0 hosts completed (1 up), 1 undergoing Script Scan
NSE Timing: About 96.39% done; ETC: 16:22 (0:00:00 remaining)
Stats: 0:00:23 elapsed; 0 hosts completed (1 up), 1 undergoing Script Scan
NSE Timing: About 96.39% done; ETC: 16:22 (0:00:00 remaining)
Stats: 0:00:23 elapsed; 0 hosts completed (1 up), 1 undergoing Script Scan
NSE Timing: About 96.39% done; ETC: 16:22 (0:00:00 remaining)
Stats: 0:00:23 elapsed; 0 hosts completed (1 up), 1 undergoing Script Scan
NSE Timing: About 96.39% done; ETC: 16:22 (0:00:00 remaining)
Stats: 0:01:13 elapsed; 0 hosts completed (1 up), 1 undergoing Script Scan
NSE Timing: About 99.64% done; ETC: 16:23 (0:00:00 remaining)
Stats: 0:01:13 elapsed; 0 hosts completed (1 up), 1 undergoing Script Scan
NSE Timing: About 99.64% done; ETC: 16:23 (0:00:00 remaining)
Stats: 0:01:13 elapsed; 0 hosts completed (1 up), 1 undergoing Script Scan
NSE Timing: About 99.64% done; ETC: 16:23 (0:00:00 remaining)
Stats: 0:01:14 elapsed; 0 hosts completed (1 up), 1 undergoing Script Scan
NSE Timing: About 99.64% done; ETC: 16:23 (0:00:00 remaining)
Stats: 0:01:15 elapsed; 0 hosts completed (1 up), 1 undergoing Script Scan
NSE Timing: About 99.64% done; ETC: 16:23 (0:00:00 remaining)
Stats: 0:01:16 elapsed; 0 hosts completed (1 up), 1 undergoing Script Scan
NSE Timing: About 99.64% done; ETC: 16:23 (0:00:00 remaining)
Nmap scan report for 10.10.91.234
Host is up (0.19s latency).

PORT   STATE SERVICE VERSION
22/tcp open  ssh     OpenSSH 7.4 (protocol 2.0)
| ssh-hostkey: 
|   2048 68:ed:7b:19:7f:ed:14:e6:18:98:6d:c5:88:30:aa:e9 (RSA)
|   256 5c:d6:82:da:b2:19:e3:37:99:fb:96:82:08:70:ee:9d (ECDSA)
|_  256 d2:a9:75:cf:2f:1e:f5:44:4f:0b:13:c2:0f:d7:37:cc (ED25519)
80/tcp open  http    Apache httpd 2.4.6 ((CentOS) PHP/5.6.40)
| http-robots.txt: 15 disallowed entries 
| /joomla/administrator/ /administrator/ /bin/ /cache/ 
| /cli/ /components/ /includes/ /installation/ /language/ 
|_/layouts/ /libraries/ /logs/ /modules/ /plugins/ /tmp/

Service detection performed. Please report any incorrect results at https://nmap.org/submit/ .
Nmap done: 1 IP address (1 host up) scanned in 92.95 seconds
