Starting Nmap 7.91 ( https://nmap.org ) at 2021-11-18 03:56 EST
Initiating Ping Scan at 03:56
Scanning 10.10.74.155 [2 ports]
Completed Ping Scan at 03:56, 0.26s elapsed (1 total hosts)
Initiating Parallel DNS resolution of 1 host. at 03:56
Completed Parallel DNS resolution of 1 host. at 03:56, 0.34s elapsed
Initiating Connect Scan at 03:56
Scanning 10.10.74.155 [8340 ports]
Discovered open port 80/tcp on 10.10.74.155
Discovered open port 22/tcp on 10.10.74.155
Connect Scan Timing: About 4.03% done; ETC: 04:08 (0:12:17 remaining)
Connect Scan Timing: About 9.49% done; ETC: 04:06 (0:09:42 remaining)
Connect Scan Timing: About 15.44% done; ETC: 04:05 (0:08:18 remaining)
Connect Scan Timing: About 21.63% done; ETC: 04:05 (0:07:18 remaining)
Connect Scan Timing: About 28.74% done; ETC: 04:04 (0:06:14 remaining)
Connect Scan Timing: About 35.73% done; ETC: 04:04 (0:05:26 remaining)
Connect Scan Timing: About 43.53% done; ETC: 04:04 (0:04:34 remaining)
Connect Scan Timing: About 51.82% done; ETC: 04:03 (0:03:44 remaining)
Connect Scan Timing: About 61.66% done; ETC: 04:03 (0:02:49 remaining)
Connect Scan Timing: About 70.59% done; ETC: 04:03 (0:02:05 remaining)
Connect Scan Timing: About 79.89% done; ETC: 04:03 (0:01:23 remaining)
Connect Scan Timing: About 89.57% done; ETC: 04:02 (0:00:42 remaining)
Completed Connect Scan at 04:02, 399.48s elapsed (8340 total ports)
Nmap scan report for 10.10.74.155
Host is up (0.58s latency).
Not shown: 8338 filtered ports
PORT   STATE SERVICE
22/tcp open  ssh
80/tcp open  http

Read data files from: /usr/bin/../share/nmap
Nmap done: 1 IP address (1 host up) scanned in 400.18 seconds
