Starting Nmap 7.91 ( https://nmap.org ) at 2021-10-18 06:07 EDT
Nmap scan report for 10.10.249.195
Host is up (0.16s latency).

PORT   STATE SERVICE VERSION
22/tcp open  ssh     OpenSSH 7.6p1 Ubuntu 4ubuntu0.3 (Ubuntu Linux; protocol 2.0)
| ssh-hostkey: 
|   2048 a1:3c:d7:e9:d0:85:40:33:d5:07:16:32:08:63:31:05 (RSA)
|   256 24:81:0c:3a:91:55:a0:65:9e:36:58:71:51:13:6c:34 (ECDSA)
|_  256 c2:94:2b:0d:8e:a9:53:f6:ef:34:db:f1:43:6c:c1:7e (ED25519)
25/tcp open  smtp    Postfix smtpd
|_smtp-commands: uranium, PIPELINING, SIZE 10240000, VRFY, ETRN, STARTTLS, ENHANCEDSTATUSCODES, 8BITMIME, DSN, SMTPUTF8, 
| ssl-cert: Subject: commonName=uranium
| Subject Alternative Name: DNS:uranium
| Not valid before: 2021-04-09T21:40:53
|_Not valid after:  2031-04-07T21:40:53
|_ssl-date: TLS randomness does not represent time
80/tcp open  http    Apache httpd 2.4.29 ((Ubuntu))
|_http-server-header: Apache/2.4.29 (Ubuntu)
|_http-title: Uranium Coin
Service Info: Host:  uranium; OS: Linux; CPE: cpe:/o:linux:linux_kernel

Service detection performed. Please report any incorrect results at https://nmap.org/submit/ .
Nmap done: 1 IP address (1 host up) scanned in 14.50 seconds
