Starting Nmap 7.91 ( https://nmap.org ) at 2021-12-06 11:10 EST
Nmap scan report for 10.10.115.22
Host is up (0.30s latency).

PORT     STATE SERVICE VERSION
80/tcp   open  http    Apache httpd 2.4.29 ((Ubuntu))
|_http-generator: concrete5 - 8.5.2
|_http-server-header: Apache/2.4.29 (Ubuntu)
|_http-title: Home :: Super-Spam
4012/tcp open  ssh     OpenSSH 7.6p1 Ubuntu 4ubuntu0.3 (Ubuntu Linux; protocol 2.0)
| ssh-hostkey: 
|   2048 86:60:04:c0:a5:36:46:67:f5:c7:24:0f:df:d0:03:14 (RSA)
|   256 ce:d2:f6:ab:69:7f:aa:31:f5:49:70:e5:8f:62:b0:b7 (ECDSA)
|_  256 73:a0:a1:97:c4:33:fb:f4:4a:5c:77:f6:ac:95:76:ac (ED25519)
4019/tcp open  ftp     vsftpd 3.0.3
| ftp-anon: Anonymous FTP login allowed (FTP code 230)
| drwxr-xr-x    2 ftp      ftp          4096 Feb 20  2021 IDS_logs
|_-rw-r--r--    1 ftp      ftp           526 Feb 20  2021 note.txt
| ftp-syst: 
|   STAT: 
| FTP server status:
|      Connected to ::ffff:10.8.133.3
|      Logged in as ftp
|      TYPE: ASCII
|      No session bandwidth limit
|      Session timeout in seconds is 300
|      Control connection is plain text
|      Data connections will be plain text
|      At session startup, client count was 1
|      vsFTPd 3.0.3 - secure, fast, stable
|_End of status
5901/tcp open  vnc     VNC (protocol 3.8)
| vnc-info: 
|   Protocol version: 3.8
|   Security types: 
|     VNC Authentication (2)
|     Tight (16)
|   Tight auth subtypes: 
|_    STDV VNCAUTH_ (2)
6001/tcp open  X11     (access denied)
Service Info: OSs: Linux, Unix; CPE: cpe:/o:linux:linux_kernel

Service detection performed. Please report any incorrect results at https://nmap.org/submit/ .
Nmap done: 1 IP address (1 host up) scanned in 21.30 seconds
