Starting Nmap 7.91 ( https://nmap.org ) at 2022-01-15 07:53 EST
Nmap scan report for 10.10.191.7
Host is up (0.21s latency).

PORT     STATE SERVICE    VERSION
21/tcp   open  ftp        vsftpd 3.0.3
| ftp-anon: Anonymous FTP login allowed (FTP code 230)
| -rwxr-xr-x    1 0        0             113 Sep 15 14:45 password-policy.md
|_-rw-r--r--    1 0        0            1425 Sep 15 14:48 ufw.status
| ftp-syst: 
|   STAT: 
| FTP server status:
|      Connected to ::ffff:10.11.57.82
|      Logged in as ftp
|      TYPE: ASCII
|      No session bandwidth limit
|      Session timeout in seconds is 300
|      Control connection is plain text
|      Data connections will be plain text
|      At session startup, client count was 2
|      vsFTPd 3.0.3 - secure, fast, stable
|_End of status
22/tcp   open  ssh        OpenSSH 7.6p1 Ubuntu 4ubuntu0.5 (Ubuntu Linux; protocol 2.0)
| ssh-hostkey: 
|   2048 a0:ef:4c:32:28:a6:4c:7f:60:d6:a6:63:32:ac:ab:27 (RSA)
|   256 5a:6d:1a:39:97:00:be:c7:10:6e:36:5c:7f:ca:dc:b2 (ECDSA)
|_  256 0b:77:40:b2:cc:30:8d:8e:45:51:fa:12:7c:e2:95:c7 (ED25519)
80/tcp   open  http       lighttpd 1.4.45
|_http-server-header: lighttpd/1.4.45
|_http-title: Hamlet Annotation Project
501/tcp  open  tcpwrapped
8000/tcp open  http       Apache httpd 2.4.48 ((Debian))
|_http-open-proxy: Proxy might be redirecting requests
|_http-server-header: Apache/2.4.48 (Debian)
|_http-title: Site doesn't have a title (text/html).
Service Info: OSs: Unix, Linux; CPE: cpe:/o:linux:linux_kernel

Service detection performed. Please report any incorrect results at https://nmap.org/submit/ .
Nmap done: 1 IP address (1 host up) scanned in 22.62 seconds
