announcement
conservative
computerized
considerable
intellectual
infringement
distribution
modification
contribution
incorporated
invulnerable
conueniently
vnpreuayling
vnprofitable
vnproportion
entreatments
questionable
disappointed
vneffectuall
circumstance
indirections
tediousnesse
prosperously
anticipation
congregation
apprehension
tyrannically
appurtenance
circumstance
consummation
vndiscouered
inexplicable
circumstance
apprehension
satisfaction
equiuocation
vnsanctified
indiscretion
forgiuenesse
