Starting Nmap 7.91 ( https://nmap.org ) at 2021-10-20 10:31 EDT
Nmap scan report for thomaswreath.thm (10.200.188.200)
Host is up (0.16s latency).

PORT      STATE  SERVICE    VERSION
22/tcp    open   ssh        OpenSSH 8.0 (protocol 2.0)
| ssh-hostkey: 
|   3072 9c:1b:d4:b4:05:4d:88:99:ce:09:1f:c1:15:6a:d4:7e (RSA)
|   256 93:55:b4:d9:8b:70:ae:8e:95:0d:c2:b6:d2:03:89:a4 (ECDSA)
|_  256 f0:61:5a:55:34:9b:b7:b8:3a:46:ca:7d:9f:dc:fa:12 (ED25519)
80/tcp    open   http       Apache httpd 2.4.37 ((centos) OpenSSL/1.1.1c)
|_http-server-header: Apache/2.4.37 (centos) OpenSSL/1.1.1c
|_http-title: Did not follow redirect to https://thomaswreath.thm
443/tcp   open   ssl/http   Apache httpd 2.4.37 ((centos) OpenSSL/1.1.1c)
| http-methods: 
|_  Potentially risky methods: TRACE
|_http-server-header: Apache/2.4.37 (centos) OpenSSL/1.1.1c
|_http-title: Thomas Wreath | Developer
| ssl-cert: Subject: commonName=thomaswreath.thm/organizationName=Thomas Wreath Development/stateOrProvinceName=East Riding Yorkshire/countryName=GB
| Not valid before: 2021-10-20T09:17:55
|_Not valid after:  2022-10-20T09:17:55
|_ssl-date: TLS randomness does not represent time
| tls-alpn: 
|_  http/1.1
9090/tcp  closed zeus-admin
10000/tcp open   http       MiniServ 1.890 (Webmin httpd)
|_http-title: Site doesn't have a title (text/html; Charset=iso-8859-1).
33060/tcp closed mysqlx
Aggressive OS guesses: HP P2000 G3 NAS device (91%), Infomir MAG-250 set-top box (90%), Ubiquiti AirMax NanoStation WAP (Linux 2.6.32) (90%), Netgear RAIDiator 4.2.21 (Linux 2.6.37) (90%), Linux 2.6.32 - 3.13 (89%), Linux 2.6.32 (89%), Linux 3.10 - 3.13 (89%), Linux 3.7 (89%), Linux 5.0 (89%), Linux 5.4 (89%)
No exact OS matches for host (test conditions non-ideal).

OS and Service detection performed. Please report any incorrect results at https://nmap.org/submit/ .
Nmap done: 1 IP address (1 host up) scanned in 51.00 seconds
