Starting Nmap 7.91 ( https://nmap.org ) at 2021-09-30 05:52 EDT
Nmap scan report for 10.10.4.6
Host is up (0.16s latency).

PORT     STATE SERVICE       VERSION
3389/tcp open  ms-wbt-server Microsoft Terminal Services
| ssl-cert: Subject: commonName=GAIA
| Not valid before: 2021-08-29T20:56:26
|_Not valid after:  2022-02-28T20:56:26
|_ssl-date: 2021-09-30T09:54:55+00:00; +2s from scanner time.
7680/tcp open  pando-pub?
8080/tcp open  http-proxy
| fingerprint-strings: 
|   FourOhFourRequest: 
|     HTTP/1.1 404 Not Found
|     Content-Type: text/html
|     Content-Length: 177
|     Connection: Keep-Alive
|     <HTML><HEAD><TITLE>404 Not Found</TITLE></HEAD><BODY><H1>404 Not Found</H1>The requested URL nice%20ports%2C/Tri%6Eity.txt%2ebak was not found on this server.<P></BODY></HTML>
|   GetRequest: 
|     HTTP/1.1 401 Access Denied
|     Content-Type: text/html
|     Content-Length: 144
|     Connection: Keep-Alive
|     WWW-Authenticate: Digest realm="ThinVNC", qop="auth", nonce="xhgdLq225UBI1zACrbblQA==", opaque="NnBhhStDGdtp6jGxjcGF0jgQykdo79xv1Q"
|_    <HTML><HEAD><TITLE>401 Access Denied</TITLE></HEAD><BODY><H1>401 Access Denied</H1>The requested URL requires authorization.<P></BODY></HTML>
| http-auth: 
| HTTP/1.1 401 Access Denied\x0D
|_  Digest realm=ThinVNC opaque=OV4Y7dlYV7KWEADABwf2PT6YwyDq5eYGMq nonce=OLkGOK225UAo3DACrbblQA== qop=auth
|_http-title: 401 Access Denied
1 service unrecognized despite returning data. If you know the service/version, please submit the following fingerprint at https://nmap.org/cgi-bin/submit.cgi?new-service :
SF-Port8080-TCP:V=7.91%I=7%D=9/30%Time=61558905%P=x86_64-pc-linux-gnu%r(Ge
SF:tRequest,179,"HTTP/1\.1\x20401\x20Access\x20Denied\r\nContent-Type:\x20
SF:text/html\r\nContent-Length:\x20144\r\nConnection:\x20Keep-Alive\r\nWWW
SF:-Authenticate:\x20Digest\x20realm=\"ThinVNC\",\x20qop=\"auth\",\x20nonc
SF:e=\"xhgdLq225UBI1zACrbblQA==\",\x20opaque=\"NnBhhStDGdtp6jGxjcGF0jgQykd
SF:o79xv1Q\"\r\n\r\n<HTML><HEAD><TITLE>401\x20Access\x20Denied</TITLE></HE
SF:AD><BODY><H1>401\x20Access\x20Denied</H1>The\x20requested\x20URL\x20\x2
SF:0requires\x20authorization\.<P></BODY></HTML>\r\n")%r(FourOhFourRequest
SF:,111,"HTTP/1\.1\x20404\x20Not\x20Found\r\nContent-Type:\x20text/html\r\
SF:nContent-Length:\x20177\r\nConnection:\x20Keep-Alive\r\n\r\n<HTML><HEAD
SF:><TITLE>404\x20Not\x20Found</TITLE></HEAD><BODY><H1>404\x20Not\x20Found
SF:</H1>The\x20requested\x20URL\x20nice%20ports%2C/Tri%6Eity\.txt%2ebak\x2
SF:0was\x20not\x20found\x20on\x20this\x20server\.<P></BODY></HTML>\r\n");
Service Info: OS: Windows; CPE: cpe:/o:microsoft:windows

Host script results:
|_clock-skew: 1s

Service detection performed. Please report any incorrect results at https://nmap.org/submit/ .
Nmap done: 1 IP address (1 host up) scanned in 117.12 seconds
