Starting Nmap 7.91 ( https://nmap.org ) at 2021-10-15 15:25 EDT
Nmap scan report for 10.10.23.249
Host is up (0.32s latency).

PORT   STATE SERVICE VERSION
21/tcp open  ftp     vsftpd 3.0.3
|_ftp-anon: Anonymous FTP login allowed (FTP code 230)
| ftp-syst: 
|   STAT: 
| FTP server status:
|      Connected to ::ffff:10.8.133.3
|      Logged in as ftp
|      TYPE: ASCII
|      No session bandwidth limit
|      Session timeout in seconds is 300
|      Control connection is plain text
|      Data connections will be plain text
|      At session startup, client count was 2
|      vsFTPd 3.0.3 - secure, fast, stable
|_End of status
22/tcp open  ssh     OpenSSH 7.6p1 Ubuntu 4ubuntu0.3 (Ubuntu Linux; protocol 2.0)
| ssh-hostkey: 
|   2048 e2:be:d3:3c:e8:76:81:ef:47:7e:d0:43:d4:28:14:28 (RSA)
|   256 a8:82:e9:61:e4:bb:61:af:9f:3a:19:3b:64:bc:de:87 (ECDSA)
|_  256 24:46:75:a7:63:39:b6:3c:e9:f1:fc:a4:13:51:63:20 (ED25519)
80/tcp open  http    Apache httpd 2.4.29 ((Ubuntu))
|_http-server-header: Apache/2.4.29 (Ubuntu)
|_http-title: Apache2 Ubuntu Default Page: It works
Service Info: OSs: Unix, Linux; CPE: cpe:/o:linux:linux_kernel

Service detection performed. Please report any incorrect results at https://nmap.org/submit/ .
Nmap done: 1 IP address (1 host up) scanned in 19.92 seconds
