Starting Nmap 7.91 ( https://nmap.org ) at 2021-12-27 04:25 EST
Nmap scan report for 10.10.94.172
Host is up (0.16s latency).

PORT    STATE SERVICE     VERSION
22/tcp  open  ssh         OpenSSH 7.6p1 Ubuntu 4ubuntu0.3 (Ubuntu Linux; protocol 2.0)
| ssh-hostkey: 
|   2048 f7:0f:0a:18:50:78:07:10:f2:32:d1:60:30:40:d4:be (RSA)
|   256 5c:00:37:df:b2:ba:4c:f2:3c:46:6e:a3:e9:44:90:37 (ECDSA)
|_  256 fe:bf:53:f1:d0:5a:7c:30:db:ac:c8:3c:79:64:47:c8 (ED25519)
80/tcp  open  http        Apache httpd 2.4.29 ((Ubuntu))
|_http-server-header: Apache/2.4.29 (Ubuntu)
|_http-title: Apache2 Ubuntu Default Page: It works
139/tcp open  netbios-ssn Samba smbd 3.X - 4.X (workgroup: WORKGROUP)
445/tcp open  netbios-ssn Samba smbd 4.7.6-Ubuntu (workgroup: WORKGROUP)
873/tcp open  rsync       (protocol version 31)
Service Info: Host: INCOGNITO; OS: Linux; CPE: cpe:/o:linux:linux_kernel

Host script results:
|_nbstat: NetBIOS name: INCOGNITO, NetBIOS user: <unknown>, NetBIOS MAC: <unknown> (unknown)
| smb-os-discovery: 
|   OS: Windows 6.1 (Samba 4.7.6-Ubuntu)
|   Computer name: incognito
|   NetBIOS computer name: INCOGNITO\x00
|   Domain name: \x00
|   FQDN: incognito
|_  System time: 2021-12-27T09:26:08+00:00
| smb-security-mode: 
|   account_used: guest
|   authentication_level: user
|   challenge_response: supported
|_  message_signing: disabled (dangerous, but default)
| smb2-security-mode: 
|   2.02: 
|_    Message signing enabled but not required
| smb2-time: 
|   date: 2021-12-27T09:26:08
|_  start_date: N/A

Service detection performed. Please report any incorrect results at https://nmap.org/submit/ .
Nmap done: 1 IP address (1 host up) scanned in 19.00 seconds
