Starting Nmap 7.91 ( https://nmap.org ) at 2022-01-18 00:05 EST
Nmap scan report for 10.10.1.157
Host is up (0.33s latency).

PORT      STATE SERVICE           VERSION
22/tcp    open  ssh               OpenSSH 7.6p1 Ubuntu 4ubuntu0.3 (Ubuntu Linux; protocol 2.0)
| ssh-hostkey: 
|   2048 c9:f7:dd:3d:79:bb:f8:44:0f:bd:87:bd:8b:af:e1:5a (RSA)
|   256 4c:48:9d:c6:b4:e2:17:99:76:48:20:fe:96:d2:c8:eb (ECDSA)
|_  256 d8:e2:f7:ac:4d:cd:68:66:d7:a9:64:1c:42:4a:8e:30 (ED25519)
6443/tcp  open  ssl/sun-sr-https?
| fingerprint-strings: 
|   GenericLines: 
|     HTTP/1.1 400 Bad Request
|     Content-Type: text/plain; charset=utf-8
|     Connection: close
|     Request
|   GetRequest: 
|     HTTP/1.0 401 Unauthorized
|     Cache-Control: no-cache, private
|     Content-Type: application/json
|     Date: Tue, 18 Jan 2022 05:06:08 GMT
|     Content-Length: 129
|_    {"kind":"Status","apiVersion":"v1","metadata":{},"status":"Failure","message":"Unauthorized","reason":"Unauthorized","code":401}
| ssl-cert: Subject: commonName=k3s/organizationName=k3s
| Subject Alternative Name: DNS:kubernetes, DNS:kubernetes.default, DNS:kubernetes.default.svc.cluster.local, DNS:localhost, IP Address:10.10.1.157, IP Address:10.43.0.1, IP Address:127.0.0.1, IP Address:172.30.18.136, IP Address:192.168.1.244
| Not valid before: 2021-05-31T21:56:08
|_Not valid after:  2023-01-18T04:47:47
10250/tcp open  ssl/unknown
| fingerprint-strings: 
|   GenericLines: 
|     HTTP/1.1 400 Bad Request
|     Content-Type: text/plain; charset=utf-8
|     Connection: close
|_    Request
| ssl-cert: Subject: commonName=palsforlife
| Subject Alternative Name: DNS:palsforlife, DNS:localhost, IP Address:127.0.0.1, IP Address:10.10.1.157
| Not valid before: 2021-05-31T21:56:08
|_Not valid after:  2023-01-18T04:46:52
30180/tcp open  tcpwrapped
31111/tcp open  unknown
| fingerprint-strings: 
|   GenericLines: 
|     HTTP/1.1 400 Bad Request
|     Content-Type: text/plain; charset=utf-8
|     Connection: close
|     Request
|   GetRequest: 
|     HTTP/1.0 200 OK
|     Content-Type: text/html; charset=UTF-8
|     Set-Cookie: lang=en-US; Path=/; Max-Age=2147483647
|     Set-Cookie: i_like_gitea=96a3e1e13509dbce; Path=/; HttpOnly
|     Set-Cookie: _csrf=DLzzTfQBcDMG055RI2KvAa_dMdo6MTY0MjQ4MjM1ODIwNDI2MjIzOA%3D%3D; Path=/; Expires=Wed, 19 Jan 2022 05:05:58 GMT; HttpOnly
|     X-Frame-Options: SAMEORIGIN
|     Date: Tue, 18 Jan 2022 05:05:58 GMT
|     <!DOCTYPE html>
|     <html>
|     <head data-suburl="">
|     <meta charset="utf-8">
|     <meta name="viewport" content="width=device-width, initial-scale=1">
|     <meta http-equiv="x-ua-compatible" content="ie=edge">
|     <title>Gitea: Git with a cup of tea</title>
|     <meta name="theme-color" content="#6cc644">
|     <meta name="author" content="Gitea - Git with a cup of tea" />
|     <meta name="description" content="Gitea (Git with a cup of tea) is a painless self-hosted Git service written in Go" />
|     <meta name="keywords" content="go,git,self-hosted,gitea
|   HTTPOptions: 
|     HTTP/1.0 404 Not Found
|     Content-Type: text/html; charset=UTF-8
|     Set-Cookie: lang=en-US; Path=/; Max-Age=2147483647
|     Set-Cookie: i_like_gitea=7f22392c157db4d2; Path=/; HttpOnly
|     Set-Cookie: _csrf=HQE7CouCfczi_B6lgp-gS9f200I6MTY0MjQ4MjM1ODY3NzI3NTQ3Ng%3D%3D; Path=/; Expires=Wed, 19 Jan 2022 05:05:58 GMT; HttpOnly
|     X-Frame-Options: SAMEORIGIN
|     Date: Tue, 18 Jan 2022 05:05:58 GMT
|     <!DOCTYPE html>
|     <html>
|     <head data-suburl="">
|     <meta charset="utf-8">
|     <meta name="viewport" content="width=device-width, initial-scale=1">
|     <meta http-equiv="x-ua-compatible" content="ie=edge">
|     <title>Page Not Found - Gitea: Git with a cup of tea</title>
|     <meta name="theme-color" content="#6cc644">
|     <meta name="author" content="Gitea - Git with a cup of tea" />
|     <meta name="description" content="Gitea (Git with a cup of tea) is a painless self-hosted Git service written in Go" />
|_    <meta name="keywords" content="
31112/tcp open  ssh               OpenSSH 7.5 (protocol 2.0)
| ssh-hostkey: 
|   2048 2b:c6:63:84:93:b8:04:ce:1c:f5:ce:c7:0e:ca:eb:28 (RSA)
|   256 93:6b:41:5f:89:14:97:0c:6b:53:ab:ba:af:71:f1:40 (ECDSA)
|_  256 e8:c4:94:7b:72:d7:4c:1c:bd:51:4a:84:81:4b:68:c9 (ED25519)
3 services unrecognized despite returning data. If you know the service/version, please submit the following fingerprints at https://nmap.org/cgi-bin/submit.cgi?new-service :
==============NEXT SERVICE FINGERPRINT (SUBMIT INDIVIDUALLY)==============
SF-Port6443-TCP:V=7.91%T=SSL%I=7%D=1/18%Time=61E64ABB%P=x86_64-pc-linux-gn
SF:u%r(GenericLines,67,"HTTP/1\.1\x20400\x20Bad\x20Request\r\nContent-Type
SF::\x20text/plain;\x20charset=utf-8\r\nConnection:\x20close\r\n\r\n400\x2
SF:0Bad\x20Request")%r(GetRequest,11A,"HTTP/1\.0\x20401\x20Unauthorized\r\
SF:nCache-Control:\x20no-cache,\x20private\r\nContent-Type:\x20application
SF:/json\r\nDate:\x20Tue,\x2018\x20Jan\x202022\x2005:06:08\x20GMT\r\nConte
SF:nt-Length:\x20129\r\n\r\n{\"kind\":\"Status\",\"apiVersion\":\"v1\",\"m
SF:etadata\":{},\"status\":\"Failure\",\"message\":\"Unauthorized\",\"reas
SF:on\":\"Unauthorized\",\"code\":401}\n");
==============NEXT SERVICE FINGERPRINT (SUBMIT INDIVIDUALLY)==============
SF-Port10250-TCP:V=7.91%T=SSL%I=7%D=1/18%Time=61E64AC8%P=x86_64-pc-linux-g
SF:nu%r(GenericLines,67,"HTTP/1\.1\x20400\x20Bad\x20Request\r\nContent-Typ
SF:e:\x20text/plain;\x20charset=utf-8\r\nConnection:\x20close\r\n\r\n400\x
SF:20Bad\x20Request");
==============NEXT SERVICE FINGERPRINT (SUBMIT INDIVIDUALLY)==============
SF-Port31111-TCP:V=7.91%I=7%D=1/18%Time=61E64AB3%P=x86_64-pc-linux-gnu%r(G
SF:enericLines,67,"HTTP/1\.1\x20400\x20Bad\x20Request\r\nContent-Type:\x20
SF:text/plain;\x20charset=utf-8\r\nConnection:\x20close\r\n\r\n400\x20Bad\
SF:x20Request")%r(GetRequest,2699,"HTTP/1\.0\x20200\x20OK\r\nContent-Type:
SF:\x20text/html;\x20charset=UTF-8\r\nSet-Cookie:\x20lang=en-US;\x20Path=/
SF:;\x20Max-Age=2147483647\r\nSet-Cookie:\x20i_like_gitea=96a3e1e13509dbce
SF:;\x20Path=/;\x20HttpOnly\r\nSet-Cookie:\x20_csrf=DLzzTfQBcDMG055RI2KvAa
SF:_dMdo6MTY0MjQ4MjM1ODIwNDI2MjIzOA%3D%3D;\x20Path=/;\x20Expires=Wed,\x201
SF:9\x20Jan\x202022\x2005:05:58\x20GMT;\x20HttpOnly\r\nX-Frame-Options:\x2
SF:0SAMEORIGIN\r\nDate:\x20Tue,\x2018\x20Jan\x202022\x2005:05:58\x20GMT\r\
SF:n\r\n<!DOCTYPE\x20html>\n<html>\n<head\x20data-suburl=\"\">\n\t<meta\x2
SF:0charset=\"utf-8\">\n\t<meta\x20name=\"viewport\"\x20content=\"width=de
SF:vice-width,\x20initial-scale=1\">\n\t<meta\x20http-equiv=\"x-ua-compati
SF:ble\"\x20content=\"ie=edge\">\n\t<title>Gitea:\x20Git\x20with\x20a\x20c
SF:up\x20of\x20tea</title>\n\t<meta\x20name=\"theme-color\"\x20content=\"#
SF:6cc644\">\n\t<meta\x20name=\"author\"\x20content=\"Gitea\x20-\x20Git\x2
SF:0with\x20a\x20cup\x20of\x20tea\"\x20/>\n\t<meta\x20name=\"description\"
SF:\x20content=\"Gitea\x20\(Git\x20with\x20a\x20cup\x20of\x20tea\)\x20is\x
SF:20a\x20painless\x20self-hosted\x20Git\x20service\x20written\x20in\x20Go
SF:\"\x20/>\n\t<meta\x20name=\"keywords\"\x20content=\"go,git,self-hosted,
SF:gitea")%r(HTTPOptions,1000,"HTTP/1\.0\x20404\x20Not\x20Found\r\nContent
SF:-Type:\x20text/html;\x20charset=UTF-8\r\nSet-Cookie:\x20lang=en-US;\x20
SF:Path=/;\x20Max-Age=2147483647\r\nSet-Cookie:\x20i_like_gitea=7f22392c15
SF:7db4d2;\x20Path=/;\x20HttpOnly\r\nSet-Cookie:\x20_csrf=HQE7CouCfczi_B6l
SF:gp-gS9f200I6MTY0MjQ4MjM1ODY3NzI3NTQ3Ng%3D%3D;\x20Path=/;\x20Expires=Wed
SF:,\x2019\x20Jan\x202022\x2005:05:58\x20GMT;\x20HttpOnly\r\nX-Frame-Optio
SF:ns:\x20SAMEORIGIN\r\nDate:\x20Tue,\x2018\x20Jan\x202022\x2005:05:58\x20
SF:GMT\r\n\r\n<!DOCTYPE\x20html>\n<html>\n<head\x20data-suburl=\"\">\n\t<m
SF:eta\x20charset=\"utf-8\">\n\t<meta\x20name=\"viewport\"\x20content=\"wi
SF:dth=device-width,\x20initial-scale=1\">\n\t<meta\x20http-equiv=\"x-ua-c
SF:ompatible\"\x20content=\"ie=edge\">\n\t<title>Page\x20Not\x20Found\x20-
SF:\x20Gitea:\x20Git\x20with\x20a\x20cup\x20of\x20tea</title>\n\t<meta\x20
SF:name=\"theme-color\"\x20content=\"#6cc644\">\n\t<meta\x20name=\"author\
SF:"\x20content=\"Gitea\x20-\x20Git\x20with\x20a\x20cup\x20of\x20tea\"\x20
SF:/>\n\t<meta\x20name=\"description\"\x20content=\"Gitea\x20\(Git\x20with
SF:\x20a\x20cup\x20of\x20tea\)\x20is\x20a\x20painless\x20self-hosted\x20Gi
SF:t\x20service\x20written\x20in\x20Go\"\x20/>\n\t<meta\x20name=\"keywords
SF:\"\x20content=\"");
Service Info: OS: Linux; CPE: cpe:/o:linux:linux_kernel

Service detection performed. Please report any incorrect results at https://nmap.org/submit/ .
Nmap done: 1 IP address (1 host up) scanned in 110.26 seconds
