Starting Nmap 7.91 ( https://nmap.org ) at 2022-01-03 03:26 EST
Nmap scan report for 10.10.104.167
Host is up (0.17s latency).

PORT      STATE SERVICE       VERSION
53/tcp    open  domain        Simple DNS Plus
80/tcp    open  http          Microsoft IIS httpd 10.0
| http-methods: 
|_  Potentially risky methods: TRACE
|_http-server-header: Microsoft-IIS/10.0
|_http-title: Site doesn't have a title (text/html).
88/tcp    open  kerberos-sec  Microsoft Windows Kerberos (server time: 2022-01-03 08:26:45Z)
135/tcp   open  msrpc         Microsoft Windows RPC
139/tcp   open  netbios-ssn   Microsoft Windows netbios-ssn
389/tcp   open  ldap          Microsoft Windows Active Directory LDAP (Domain: hololive.local0., Site: Default-First-Site-Name)
445/tcp   open  microsoft-ds?
464/tcp   open  kpasswd5?
593/tcp   open  ncacn_http    Microsoft Windows RPC over HTTP 1.0
636/tcp   open  tcpwrapped
3268/tcp  open  ldap          Microsoft Windows Active Directory LDAP (Domain: hololive.local0., Site: Default-First-Site-Name)
3269/tcp  open  tcpwrapped
3389/tcp  open  ms-wbt-server Microsoft Terminal Services
| rdp-ntlm-info: 
|   Target_Name: HOLOLIVE
|   NetBIOS_Domain_Name: HOLOLIVE
|   NetBIOS_Computer_Name: DC01
|   DNS_Domain_Name: hololive.local
|   DNS_Computer_Name: DC01.hololive.local
|   Product_Version: 10.0.17763
|_  System_Time: 2022-01-03T08:26:58+00:00
| ssl-cert: Subject: commonName=DC01.hololive.local
| Not valid before: 2022-01-02T08:20:52
|_Not valid after:  2022-07-04T08:20:52
|_ssl-date: 2022-01-03T08:27:06+00:00; 0s from scanner time.
5985/tcp  open  http          Microsoft HTTPAPI httpd 2.0 (SSDP/UPnP)
|_http-server-header: Microsoft-HTTPAPI/2.0
|_http-title: Not Found
9389/tcp  open  mc-nmf        .NET Message Framing
47001/tcp open  http          Microsoft HTTPAPI httpd 2.0 (SSDP/UPnP)
|_http-server-header: Microsoft-HTTPAPI/2.0
|_http-title: Not Found
Service Info: Host: DC01; OS: Windows; CPE: cpe:/o:microsoft:windows

Host script results:
| smb2-security-mode: 
|   2.02: 
|_    Message signing enabled and required
| smb2-time: 
|   date: 2022-01-03T08:26:57
|_  start_date: N/A

Service detection performed. Please report any incorrect results at https://nmap.org/submit/ .
Nmap done: 1 IP address (1 host up) scanned in 39.91 seconds
