2021-09-15 14:50:15,325 [admin] Created project [Hamlet](0)
2021-09-15 14:50:15,337 [admin] Created permission [MANAGER] for user [admin] on project [Hamlet](0)
2021-09-15 14:50:15,340 [admin] Created permission [CURATOR] for user [admin] on project [Hamlet](0)
2021-09-15 14:50:15,341 [admin] Created permission [ANNOTATOR] for user [admin] on project [Hamlet](0)
2021-09-15 14:50:15,357 [admin] Created layer [de.tudarmstadt.ukp.dkpro.core.api.segmentation.type.Token](0) in project [Hamlet](0)
2021-09-15 14:50:15,380 [admin] Created tagset [Coreference mentions](0) in project [Hamlet](0)
2021-09-15 14:50:15,390 [admin] Created tag [nam](0) in tagset [Coreference mentions](0) in project [Hamlet](0)
2021-09-15 14:50:15,399 [admin] Created tagset [Coreference relations](1) in project [Hamlet](0)
2021-09-15 14:50:15,409 [admin] Created tag [anaphoric](1) in tagset [Coreference relations](1) in project [Hamlet](0)
2021-09-15 14:50:15,410 [admin] Created layer [de.tudarmstadt.ukp.dkpro.core.api.coref.type.Coreference](1) in project [Hamlet](0)
2021-09-15 14:50:15,447 [admin] Created layer [de.tudarmstadt.ukp.dkpro.core.api.lexmorph.type.morph.MorphologicalFeatures](2) in project [Hamlet](0)
2021-09-15 14:50:15,454 [admin] Created layer [de.tudarmstadt.ukp.dkpro.core.api.segmentation.type.SurfaceForm](3) in project [Hamlet](0)
2021-09-15 14:50:15,479 [admin] Created tagset [Named Entity tags](2) in project [Hamlet](0)
2021-09-15 14:50:15,488 [admin] Created tag [LOC](2) in tagset [Named Entity tags](2) in project [Hamlet](0)
2021-09-15 14:50:15,497 [admin] Created tag [LOCderiv](3) in tagset [Named Entity tags](2) in project [Hamlet](0)
2021-09-15 14:50:15,507 [admin] Created tag [LOCpart](4) in tagset [Named Entity tags](2) in project [Hamlet](0)
2021-09-15 14:50:15,516 [admin] Created tag [ORG](5) in tagset [Named Entity tags](2) in project [Hamlet](0)
2021-09-15 14:50:15,525 [admin] Created tag [ORGderiv](6) in tagset [Named Entity tags](2) in project [Hamlet](0)
2021-09-15 14:50:15,534 [admin] Created tag [ORGpart](7) in tagset [Named Entity tags](2) in project [Hamlet](0)
2021-09-15 14:50:15,544 [admin] Created tag [OTH](8) in tagset [Named Entity tags](2) in project [Hamlet](0)
2021-09-15 14:50:15,554 [admin] Created tag [OTHderiv](9) in tagset [Named Entity tags](2) in project [Hamlet](0)
2021-09-15 14:50:15,564 [admin] Created tag [OTHpart](10) in tagset [Named Entity tags](2) in project [Hamlet](0)
2021-09-15 14:50:15,573 [admin] Created tag [PER](11) in tagset [Named Entity tags](2) in project [Hamlet](0)
2021-09-15 14:50:15,584 [admin] Created tag [PERderiv](12) in tagset [Named Entity tags](2) in project [Hamlet](0)
2021-09-15 14:50:15,592 [admin] Created tag [PERpart](13) in tagset [Named Entity tags](2) in project [Hamlet](0)
2021-09-15 14:50:15,595 [admin] Created layer [de.tudarmstadt.ukp.dkpro.core.api.ner.type.NamedEntity](4) in project [Hamlet](0)
2021-09-15 14:50:15,606 [admin] Created layer [de.tudarmstadt.ukp.dkpro.core.api.semantics.type.SemArg](5) in project [Hamlet](0)
2021-09-15 14:50:15,622 [admin] Created layer [de.tudarmstadt.ukp.dkpro.core.api.semantics.type.SemPred](6) in project [Hamlet](0)
2021-09-15 14:50:15,626 [admin] Created layer [de.tudarmstadt.ukp.dkpro.core.api.segmentation.type.Lemma](7) in project [Hamlet](0)
2021-09-15 14:50:15,636 [admin] Created layer [de.tudarmstadt.ukp.dkpro.core.api.syntax.type.chunk.Chunk](8) in project [Hamlet](0)
2021-09-15 14:50:15,655 [admin] Created tagset [UD Universal POS tags (v2)](3) in project [Hamlet](0)
2021-09-15 14:50:15,664 [admin] Created tag [ADJ](14) in tagset [UD Universal POS tags (v2)](3) in project [Hamlet](0)
2021-09-15 14:50:15,673 [admin] Created tag [ADP](15) in tagset [UD Universal POS tags (v2)](3) in project [Hamlet](0)
2021-09-15 14:50:15,683 [admin] Created tag [ADV](16) in tagset [UD Universal POS tags (v2)](3) in project [Hamlet](0)
2021-09-15 14:50:15,693 [admin] Created tag [AUX](17) in tagset [UD Universal POS tags (v2)](3) in project [Hamlet](0)
2021-09-15 14:50:15,702 [admin] Created tag [CCONJ](18) in tagset [UD Universal POS tags (v2)](3) in project [Hamlet](0)
2021-09-15 14:50:15,712 [admin] Created tag [DET](19) in tagset [UD Universal POS tags (v2)](3) in project [Hamlet](0)
2021-09-15 14:50:15,722 [admin] Created tag [INTJ](20) in tagset [UD Universal POS tags (v2)](3) in project [Hamlet](0)
2021-09-15 14:50:15,731 [admin] Created tag [NOUN](21) in tagset [UD Universal POS tags (v2)](3) in project [Hamlet](0)
2021-09-15 14:50:15,741 [admin] Created tag [NUM](22) in tagset [UD Universal POS tags (v2)](3) in project [Hamlet](0)
2021-09-15 14:50:15,751 [admin] Created tag [PART](23) in tagset [UD Universal POS tags (v2)](3) in project [Hamlet](0)
2021-09-15 14:50:15,759 [admin] Created tag [PRON](24) in tagset [UD Universal POS tags (v2)](3) in project [Hamlet](0)
2021-09-15 14:50:15,768 [admin] Created tag [PROPN](25) in tagset [UD Universal POS tags (v2)](3) in project [Hamlet](0)
2021-09-15 14:50:15,778 [admin] Created tag [PUNCT](26) in tagset [UD Universal POS tags (v2)](3) in project [Hamlet](0)
2021-09-15 14:50:15,787 [admin] Created tag [SCONJ](27) in tagset [UD Universal POS tags (v2)](3) in project [Hamlet](0)
2021-09-15 14:50:15,796 [admin] Created tag [SYM](28) in tagset [UD Universal POS tags (v2)](3) in project [Hamlet](0)
2021-09-15 14:50:15,805 [admin] Created tag [VERB](29) in tagset [UD Universal POS tags (v2)](3) in project [Hamlet](0)
2021-09-15 14:50:15,814 [admin] Created tag [X](30) in tagset [UD Universal POS tags (v2)](3) in project [Hamlet](0)
2021-09-15 14:50:15,821 [admin] Created layer [de.tudarmstadt.ukp.dkpro.core.api.lexmorph.type.pos.POS](9) in project [Hamlet](0)
2021-09-15 14:50:15,838 [admin] Created layer [de.tudarmstadt.ukp.dkpro.core.api.transform.type.SofaChangeAnnotation](10) in project [Hamlet](0)
2021-09-15 14:50:15,860 [admin] Created tagset [Operation](4) in project [Hamlet](0)
2021-09-15 14:50:15,863 [admin] Created tag [replace](31) in tagset [Operation](4) in project [Hamlet](0)
2021-09-15 14:50:15,874 [admin] Created tag [insert_before](32) in tagset [Operation](4) in project [Hamlet](0)
2021-09-15 14:50:15,883 [admin] Created tag [insert_after](33) in tagset [Operation](4) in project [Hamlet](0)
2021-09-15 14:50:15,892 [admin] Created tag [delete](34) in tagset [Operation](4) in project [Hamlet](0)
2021-09-15 14:50:15,911 [admin] Created tagset [UD Universal Dependencies (v2)](5) in project [Hamlet](0)
2021-09-15 14:50:15,921 [admin] Created tag [acl](35) in tagset [UD Universal Dependencies (v2)](5) in project [Hamlet](0)
2021-09-15 14:50:15,931 [admin] Created tag [advcl](36) in tagset [UD Universal Dependencies (v2)](5) in project [Hamlet](0)
2021-09-15 14:50:15,941 [admin] Created tag [advmod](37) in tagset [UD Universal Dependencies (v2)](5) in project [Hamlet](0)
2021-09-15 14:50:15,950 [admin] Created tag [amod](38) in tagset [UD Universal Dependencies (v2)](5) in project [Hamlet](0)
2021-09-15 14:50:15,959 [admin] Created tag [appos](39) in tagset [UD Universal Dependencies (v2)](5) in project [Hamlet](0)
2021-09-15 14:50:15,968 [admin] Created tag [aux](40) in tagset [UD Universal Dependencies (v2)](5) in project [Hamlet](0)
2021-09-15 14:50:15,978 [admin] Created tag [case](41) in tagset [UD Universal Dependencies (v2)](5) in project [Hamlet](0)
2021-09-15 14:50:15,988 [admin] Created tag [cc](42) in tagset [UD Universal Dependencies (v2)](5) in project [Hamlet](0)
2021-09-15 14:50:15,998 [admin] Created tag [ccomp](43) in tagset [UD Universal Dependencies (v2)](5) in project [Hamlet](0)
2021-09-15 14:50:16,008 [admin] Created tag [clf](44) in tagset [UD Universal Dependencies (v2)](5) in project [Hamlet](0)
2021-09-15 14:50:16,018 [admin] Created tag [compound](45) in tagset [UD Universal Dependencies (v2)](5) in project [Hamlet](0)
2021-09-15 14:50:16,028 [admin] Created tag [conj](46) in tagset [UD Universal Dependencies (v2)](5) in project [Hamlet](0)
2021-09-15 14:50:16,038 [admin] Created tag [cop](47) in tagset [UD Universal Dependencies (v2)](5) in project [Hamlet](0)
2021-09-15 14:50:16,049 [admin] Created tag [csubj](48) in tagset [UD Universal Dependencies (v2)](5) in project [Hamlet](0)
2021-09-15 14:50:16,058 [admin] Created tag [dep](49) in tagset [UD Universal Dependencies (v2)](5) in project [Hamlet](0)
2021-09-15 14:50:16,068 [admin] Created tag [det](50) in tagset [UD Universal Dependencies (v2)](5) in project [Hamlet](0)
2021-09-15 14:50:16,077 [admin] Created tag [discourse](51) in tagset [UD Universal Dependencies (v2)](5) in project [Hamlet](0)
2021-09-15 14:50:16,087 [admin] Created tag [dislocated](52) in tagset [UD Universal Dependencies (v2)](5) in project [Hamlet](0)
2021-09-15 14:50:16,096 [admin] Created tag [expl](53) in tagset [UD Universal Dependencies (v2)](5) in project [Hamlet](0)
2021-09-15 14:50:16,106 [admin] Created tag [fixed](54) in tagset [UD Universal Dependencies (v2)](5) in project [Hamlet](0)
2021-09-15 14:50:16,116 [admin] Created tag [flat](55) in tagset [UD Universal Dependencies (v2)](5) in project [Hamlet](0)
2021-09-15 14:50:16,125 [admin] Created tag [goeswith](56) in tagset [UD Universal Dependencies (v2)](5) in project [Hamlet](0)
2021-09-15 14:50:16,135 [admin] Created tag [iobj](57) in tagset [UD Universal Dependencies (v2)](5) in project [Hamlet](0)
2021-09-15 14:50:16,144 [admin] Created tag [list](58) in tagset [UD Universal Dependencies (v2)](5) in project [Hamlet](0)
2021-09-15 14:50:16,154 [admin] Created tag [mark](59) in tagset [UD Universal Dependencies (v2)](5) in project [Hamlet](0)
2021-09-15 14:50:16,164 [admin] Created tag [nmod](60) in tagset [UD Universal Dependencies (v2)](5) in project [Hamlet](0)
2021-09-15 14:50:16,173 [admin] Created tag [nsubj](61) in tagset [UD Universal Dependencies (v2)](5) in project [Hamlet](0)
2021-09-15 14:50:16,182 [admin] Created tag [nummod](62) in tagset [UD Universal Dependencies (v2)](5) in project [Hamlet](0)
2021-09-15 14:50:16,192 [admin] Created tag [obj](63) in tagset [UD Universal Dependencies (v2)](5) in project [Hamlet](0)
2021-09-15 14:50:16,200 [admin] Created tag [obl](64) in tagset [UD Universal Dependencies (v2)](5) in project [Hamlet](0)
2021-09-15 14:50:16,210 [admin] Created tag [orphan](65) in tagset [UD Universal Dependencies (v2)](5) in project [Hamlet](0)
2021-09-15 14:50:16,220 [admin] Created tag [parataxis](66) in tagset [UD Universal Dependencies (v2)](5) in project [Hamlet](0)
2021-09-15 14:50:16,228 [admin] Created tag [punct](67) in tagset [UD Universal Dependencies (v2)](5) in project [Hamlet](0)
2021-09-15 14:50:16,238 [admin] Created tag [reparandum](68) in tagset [UD Universal Dependencies (v2)](5) in project [Hamlet](0)
2021-09-15 14:50:16,247 [admin] Created tag [root](69) in tagset [UD Universal Dependencies (v2)](5) in project [Hamlet](0)
2021-09-15 14:50:16,256 [admin] Created tag [vocative](70) in tagset [UD Universal Dependencies (v2)](5) in project [Hamlet](0)
2021-09-15 14:50:16,265 [admin] Created tag [xcomp](71) in tagset [UD Universal Dependencies (v2)](5) in project [Hamlet](0)
2021-09-15 14:50:16,299 [admin] Created layer [de.tudarmstadt.ukp.dkpro.core.api.syntax.type.dependency.Dependency](11) in project [Hamlet](0)
2021-09-15 14:50:16,324 [admin] Created tagset [Dependency flavors](6) in project [Hamlet](0)
2021-09-15 14:50:16,334 [admin] Created tag [basic](72) in tagset [Dependency flavors](6) in project [Hamlet](0)
2021-09-15 14:50:16,342 [admin] Created tag [enhanced](73) in tagset [Dependency flavors](6) in project [Hamlet](0)
2021-09-15 14:51:16,337 [admin] Created permission [ANNOTATOR] for user [ghost] on project [Hamlet](0)
2021-09-15 14:51:16,339 [admin] Created permission [ANNOTATOR] for user [ophelia] on project [Hamlet](0)
2021-09-15 14:51:29,594 [admin] Created layer [webanno.custom.OpheliasNotes](12) in project [Hamlet](0)
2021-09-15 14:51:46,732 [admin] Created layer [webanno.custom.OpheliasNotes](12) in project [Hamlet](0)
2021-09-15 14:52:09,177 [admin] Imported source document [hamlet.txt](0) to project [Hamlet](0)
2021-09-15 14:52:30,721 [admin] Created annotation document [0] for user [ophelia] for source document [hamlet.txt](0) in project [Hamlet](0)
2021-09-15 14:52:31,302 [admin] Upgraded CAS of user [ophelia] for document [hamlet.txt](0) in project [Hamlet](0)
2021-09-15 14:53:05,886 [admin] Upgraded CAS of user [ophelia] for document [hamlet.txt](0) in project [Hamlet](0)
2022-01-16 05:16:01,804 [ghost] Created annotation document [1] for user [ghost] for source document [hamlet.txt](0) in project [Hamlet](0)
2022-01-16 05:16:05,069 [ghost] Upgraded CAS of user [ghost] for document [hamlet.txt](0) in project [Hamlet](0)
2022-01-16 05:16:54,979 [ghost] Exported annotations [hamlet.txt](0) for user [ghost] from project [Hamlet](0) using format [xmi]
2022-01-16 05:16:58,901 [ghost] Exported annotations [hamlet.txt](0) for user [ghost] from project [Hamlet](0) using format [xmi]
2022-01-16 05:22:12,007 [ghost] Removed source document [shell.php](1) from project [Hamlet](0)
2022-01-16 05:27:19,953 [ghost] Created guidelines file [shell.php] in project [Hamlet](0)
2022-01-16 05:27:45,568 [ghost] Exported content for source document [0] in project [Hamlet] with id [0]
2022-01-16 05:27:45,600 [ghost] Loading initial CAS for source document [hamlet.txt](0) in project [Hamlet](0)
2022-01-16 05:27:45,651 [ghost] Exported annotation document content for user [INITIAL_CAS] for source document [0] in project [Hamlet] with id [0]
2022-01-16 05:27:47,224 [ghost] Exported annotations [hamlet.txt](0) for user [ophelia] from project [Hamlet](0) using format [text]
2022-01-16 05:27:48,230 [ghost] Exported annotations [hamlet.txt](0) for user [ghost] from project [Hamlet](0) using format [text]
