Starting Nmap 7.91 ( https://nmap.org ) at 2021-12-22 09:40 EST
Initiating Ping Scan at 09:40
Scanning 10.10.151.146 [4 ports]
Completed Ping Scan at 09:40, 2.75s elapsed (1 total hosts)
Initiating Parallel DNS resolution of 1 host. at 09:40
Completed Parallel DNS resolution of 1 host. at 09:40, 0.01s elapsed
Initiating SYN Stealth Scan at 09:40
Scanning 10.10.151.146 [65535 ports]
Discovered open port 22/tcp on 10.10.151.146
Discovered open port 80/tcp on 10.10.151.146
Stats: 0:00:05 elapsed; 0 hosts completed (1 up), 1 undergoing SYN Stealth Scan
SYN Stealth Scan Timing: About 0.20% done
Increasing send delay for 10.10.151.146 from 0 to 5 due to max_successful_tryno increase to 4
SYN Stealth Scan Timing: About 5.05% done; ETC: 09:51 (0:10:20 remaining)
SYN Stealth Scan Timing: About 5.81% done; ETC: 09:58 (0:17:01 remaining)
SYN Stealth Scan Timing: About 6.40% done; ETC: 10:04 (0:22:41 remaining)
SYN Stealth Scan Timing: About 6.91% done; ETC: 10:10 (0:27:37 remaining)
SYN Stealth Scan Timing: About 7.39% done; ETC: 10:15 (0:31:58 remaining)
SYN Stealth Scan Timing: About 8.08% done; ETC: 10:18 (0:34:42 remaining)
SYN Stealth Scan Timing: About 8.59% done; ETC: 10:21 (0:37:47 remaining)
Increasing send delay for 10.10.151.146 from 5 to 10 due to max_successful_tryno increase to 5
SYN Stealth Scan Timing: About 8.88% done; ETC: 10:26 (0:41:35 remaining)
SYN Stealth Scan Timing: About 9.24% done; ETC: 10:29 (0:44:41 remaining)
SYN Stealth Scan Timing: About 9.85% done; ETC: 10:32 (0:47:09 remaining)
SYN Stealth Scan Timing: About 10.33% done; ETC: 10:36 (0:49:56 remaining)
SYN Stealth Scan Timing: About 12.16% done; ETC: 10:34 (0:46:57 remaining)
SYN Stealth Scan Timing: About 14.41% done; ETC: 10:29 (0:41:35 remaining)
SYN Stealth Scan Timing: About 16.36% done; ETC: 10:26 (0:38:20 remaining)
SYN Stealth Scan Timing: About 18.55% done; ETC: 10:23 (0:35:07 remaining)
SYN Stealth Scan Timing: About 20.63% done; ETC: 10:21 (0:32:42 remaining)
Increasing send delay for 10.10.151.146 from 10 to 20 due to max_successful_tryno increase to 6
Increasing send delay for 10.10.151.146 from 20 to 40 due to max_successful_tryno increase to 7
SYN Stealth Scan Timing: About 24.57% done; ETC: 10:26 (0:34:57 remaining)
SYN Stealth Scan Timing: About 24.57% done; ETC: 10:30 (0:37:24 remaining)
SYN Stealth Scan Timing: About 24.57% done; ETC: 10:33 (0:40:03 remaining)
SYN Stealth Scan Timing: About 24.58% done; ETC: 10:37 (0:42:43 remaining)
SYN Stealth Scan Timing: About 28.74% done; ETC: 10:36 (0:39:50 remaining)
SYN Stealth Scan Timing: About 32.44% done; ETC: 10:35 (0:37:00 remaining)
SYN Stealth Scan Timing: About 36.39% done; ETC: 10:34 (0:34:12 remaining)
SYN Stealth Scan Timing: About 40.55% done; ETC: 10:33 (0:31:28 remaining)
SYN Stealth Scan Timing: About 44.92% done; ETC: 10:32 (0:28:46 remaining)
Stats: 0:23:44 elapsed; 0 hosts completed (1 up), 1 undergoing SYN Stealth Scan
SYN Stealth Scan Timing: About 45.44% done; ETC: 10:32 (0:28:27 remaining)
Stats: 0:23:44 elapsed; 0 hosts completed (1 up), 1 undergoing SYN Stealth Scan
SYN Stealth Scan Timing: About 45.45% done; ETC: 10:32 (0:28:27 remaining)
Stats: 0:23:44 elapsed; 0 hosts completed (1 up), 1 undergoing SYN Stealth Scan
SYN Stealth Scan Timing: About 45.45% done; ETC: 10:32 (0:28:27 remaining)
